app/build/intermediates/manifest_merge_blame_file/debug/manifest-merger-blame-debug-report.txt
1<?xml version="1.0" encoding="utf-8"?>
2<manifest xmlns:android="http://schemas.android.com/apk/res/android"
3    package="com.example.myproxywithactivity"
4    android:versionCode="1"
5    android:versionName="1.0" >
6
7    <uses-sdk
8        android:minSdkVersion="18"
8-->src\main\AndroidManifest.xml
9        android:targetSdkVersion="30" />
9-->src\main\AndroidManifest.xml
10
11    <uses-permission android:name="android.permission.BROADCAST_STICKY" />
11-->[:proxy] AndroidManifest.xml:11:5-75
11-->[:proxy] AndroidManifest.xml:11:22-72
12    <uses-permission android:name="android.permission.WRITE_EXTERNAL_STORAGE" />
12-->[:proxy] AndroidManifest.xml:12:5-81
12-->[:proxy] AndroidManifest.xml:12:22-78
13    <uses-permission android:name="android.permission.READ_EXTERNAL_STORAGE" />
13-->[:proxy] AndroidManifest.xml:13:5-80
13-->[:proxy] AndroidManifest.xml:13:22-77
14    <uses-permission android:name="android.permission.INTERNET" />
14-->[:proxy] AndroidManifest.xml:14:5-67
14-->[:proxy] AndroidManifest.xml:14:22-64
15    <uses-permission android:name="android.permission.ACCESS_FINE_LOCATION" />
15-->[com.an.deviceinfo:deviceinfo:0.1.5] AndroidManifest.xml:11:5-79
15-->[com.an.deviceinfo:deviceinfo:0.1.5] AndroidManifest.xml:11:22-76
16
17    <application
17-->src\main\AndroidManifest.xml:5:5-21:19
18        android:name="com.example.myproxywithactivity.ApplicationClass"
18-->src\main\AndroidManifest.xml:6:9-41
19        android:allowBackup="true"
19-->src\main\AndroidManifest.xml:7:9-35
20        android:appComponentFactory="androidx.core.app.CoreComponentFactory"
20-->[androidx.core:core:1.5.0-alpha05] AndroidManifest.xml:24:18-86
21        android:debuggable="true"
22        android:icon="@mipmap/ic_launcher"
22-->src\main\AndroidManifest.xml:8:9-43
23        android:label="@string/app_name"
23-->src\main\AndroidManifest.xml:9:9-41
24        android:roundIcon="@mipmap/ic_launcher_round"
24-->src\main\AndroidManifest.xml:10:9-54
25        android:supportsRtl="true"
25-->src\main\AndroidManifest.xml:11:9-35
26        android:testOnly="true"
27        android:theme="@style/AppTheme"
27-->src\main\AndroidManifest.xml:12:9-40
28        android:usesCleartextTraffic="true" >
28-->[:proxy] AndroidManifest.xml:16:18-53
29        <activity android:name="com.example.myproxywithactivity.MainActivity2" />
29-->src\main\AndroidManifest.xml:13:9-60
29-->src\main\AndroidManifest.xml:13:19-48
30        <activity android:name="com.example.myproxywithactivity.MainActivity" >
30-->src\main\AndroidManifest.xml:14:9-20:20
30-->src\main\AndroidManifest.xml:14:19-47
31            <intent-filter>
31-->src\main\AndroidManifest.xml:15:13-19:29
32                <action android:name="android.intent.action.MAIN" />
32-->src\main\AndroidManifest.xml:16:17-69
32-->src\main\AndroidManifest.xml:16:25-66
33
34                <category android:name="android.intent.category.LAUNCHER" />
34-->src\main\AndroidManifest.xml:18:17-77
34-->src\main\AndroidManifest.xml:18:27-74
35            </intent-filter>
36        </activity>
37    </application>
38
39</manifest>